{
  "RSpec": {
    "coverage": {
      "/home/renan/projetos/api_contas/spec/models/conta_spec.rb": [
        1,
        null,
        1,
        1,
        null
      ],
      "/home/renan/projetos/api_contas/spec/rails_helper.rb": [
        null,
        1,
        1,
        1,
        null,
        1,
        1,
        null,
        null,
        null,
        null,
        null,
        null,
        null,
        null,
        null,
        null,
        null,
        null,
        null,
        null,
        null,
        null,
        null,
        null,
        null,
        1,
        null,
        1,
        null,
        1,
        null,
        null,
        null,
        null,
        1,
        null,
        null,
        null,
        null,
        null,
        null,
        null,
        null,
        null,
        null,
        null,
        null,
        null,
        null,
        1,
        null,
        null,
        1,
        null,
        null,
        null
      ],
      "/home/renan/projetos/api_contas/config/environment.rb": [
        null,
        1,
        null,
        null,
        1
      ],
      "/home/renan/projetos/api_contas/config/application.rb": [
        1,
        null,
        1,
        null,
        1,
        1,
        1,
        1,
        1,
        1,
        1,
        null,
        1,
        null,
        null,
        null,
        1,
        null,
        1,
        1,
        null,
        1,
        null,
        null,
        null,
        null,
        null,
        null,
        null,
        null,
        1,
        null,
        1,
        1,
        1,
        1,
        null,
        null,
        null,
        null,
        null,
        1,
        null,
        null,
        null
      ],
      "/home/renan/projetos/api_contas/config/boot.rb": [
        1,
        null,
        1
      ],
      "/home/renan/projetos/api_contas/config/environments/test.rb": [
        1,
        null,
        null,
        null,
        null,
        null,
        null,
        1,
        null,
        null,
        null,
        null,
        1,
        null,
        null,
        1,
        1,
        null,
        null,
        null,
        null,
        1,
        1,
        null,
        null,
        1,
        null,
        null,
        1,
        1,
        null,
        null,
        null,
        null,
        1,
        null,
        null,
        1,
        null,
        null,
        null,
        null
      ],
      "/home/renan/projetos/api_contas/config/initializers/application_controller_renderer.rb": [
        null,
        null,
        null,
        null,
        null,
        null,
        null,
        null
      ],
      "/home/renan/projetos/api_contas/config/initializers/backtrace_silencers.rb": [
        null,
        null,
        null,
        null,
        null,
        null,
        null
      ],
      "/home/renan/projetos/api_contas/config/initializers/cors.rb": [
        null,
        null,
        null,
        null,
        null,
        null,
        null,
        null,
        null,
        null,
        null,
        null,
        null,
        null,
        null,
        null
      ],
      "/home/renan/projetos/api_contas/config/initializers/filter_parameter_logging.rb": [
        null,
        null,
        null,
        1
      ],
      "/home/renan/projetos/api_contas/config/initializers/inflections.rb": [
        null,
        null,
        null,
        null,
        null,
        null,
        null,
        null,
        null,
        null,
        null,
        null,
        null,
        null,
        null,
        null
      ],
      "/home/renan/projetos/api_contas/config/initializers/mime_types.rb": [
        null,
        null,
        null,
        null
      ],
      "/home/renan/projetos/api_contas/config/initializers/rack_attack.rb": [
        1,
        null,
        1,
        1,
        0,
        null,
        1,
        0,
        null,
        null,
        null
      ],
      "/home/renan/projetos/api_contas/config/initializers/wrap_parameters.rb": [
        null,
        null,
        null,
        null,
        null,
        null,
        1,
        1,
        null,
        null,
        null,
        null,
        null,
        null
      ],
      "/home/renan/projetos/api_contas/config/routes.rb": [
        1,
        null,
        null
      ],
      "/home/renan/projetos/api_contas/app/models/conta.rb": [
        1,
        null
      ],
      "/home/renan/projetos/api_contas/app/models/application_record.rb": [
        1,
        1,
        null
      ],
      "/home/renan/projetos/api_contas/spec/models/pessoa_spec.rb": [
        1,
        null,
        1,
        1,
        1,
        1,
        1,
        1,
        null,
        1,
        1,
        1,
        1,
        1,
        null
      ],
      "/home/renan/projetos/api_contas/app/models/pessoa.rb": [
        1,
        null
      ],
      "/home/renan/projetos/api_contas/spec/models/transferencia_spec.rb": [
        1,
        null,
        1,
        1,
        null
      ],
      "/home/renan/projetos/api_contas/app/models/transferencia.rb": [
        1,
        null
      ]
    },
    "timestamp": 1518899566
  }
}
